282
266734 -274227 301891 0
245985 222617 311814 0
192782 226374 311363 0
144059 234971 310944 0
132309 236463 310843 0
75823 240690 310390 0
91760 -296355 303386 0
107307 -293795 303253 0
122499 -293630 303125 0
201403 -447117 313525 0
283985 -271351 301743 0
242487 388119 300709 0
199976 397973 300340 0
169043 398983 300079 0
138689 403150 299820 0
109252 406618 299568 0
77875 410315 299300 0
50154 410437 299074 0
89039 77018 321549 0
-61861 -233341 342411 0
-68344 481571 337984 0
-26061 487663 337622 0
126010 500617 336329 0
195636 510153 335734 0
207753 510455 335632 0
278190 50970 323168 0
169350 65365 322237 0
2098 419530 298653 0
36311 79985 321104 0
11052 84031 320886 0
-25698 92763 320567 0
-61058 99428 320263 0
148018 -452630 313970 0
164679 -451035 313838 0
173250 -450905 313765 0
185116 -448098 313663 0
-50479 -207916 253899 0
39908 363750 259519 0
60873 364709 259342 0
139735 372279 258671 0
229909 381451 257902 0
185108 -234497 255909 0
125384 -221568 255366 0
13861 -211175 254444 0
-3066 -209368 254300 0
61018 -386719 265927 0
-31976 516322 249062 0
156566 542224 247448 0
178066 544723 247265 0
43526 -48421 243620 0
169065 -589507 236268 0
188996 -584816 236096 0
201158 97452 233890 0
192910 98405 233820 0
69617 198052 270346 0
-41569 -148470 293450 0
210490 563051 289353 0
175082 563714 289055 0
70420 33694 281414 0
121492 36433 280982 0
160475 41583 280648 0
179409 46035 280484 0
163263 -562625 277875 0
-52322 -235044 342493 0
76032 199637 270290 0
143296 211561 269691 0
248320 -405706 267523 0
199091 -405177 267108 0
172846 -402433 266884 0
137163 -397022 266579 0
96412 -389563 266228 0
184518 -318870 391210 0
-66862 66295 408829 0
201511 -483745 402143 0
211699 196468 400134 0
185047 200189 399906 0
168075 201242 399762 0
151078 205043 399615 0
75319 -333756 392144 0
101608 -330446 391920 0
-47481 63520 408995 0
215594 -313053 390942 0
251515 -312183 390639 0
270310 -308256 390477 0
282300 352733 389661 0
227725 358452 389196 0
180600 364580 388793 0
158495 368920 388603 0
129222 373443 388352 0
131237 475100 424893 0
45526 -281781 431945 0
-6057 -272360 431501 0
-21398 -271148 431371 0
-124242 -264248 430499 0
-68664 445374 426606 0
-51076 448321 426455 0
-41956 449685 426376 0
-32071 450097 426293 0
70294 377834 387851 0
160191 479704 424615 0
196057 481742 424340 0
175748 639452 413443 0
213907 -647933 413113 0
153650 32392 410720 0
16838 53260 409547 0
-4964 56797 409360 0
219580 -273364 344820 0
147347 -428490 355278 0
134674 -428245 355171 0
61004 324981 347971 0
125257 335013 347412 0
185568 349597 346888 0
237076 352839 346453 0
278432 358128 346099 0
265025 -281177 345211 0
188575 -433714 355630 0
179783 -267033 344479 0
152489 -262155 344244 0
145692 -262071 344187 0
119167 -256485 343958 0
-377 -242433 342937 0
-5405 -241926 342895 0
-18513 -239836 342782 0
-38492 -235900 342610 0
94874 -171 369825 0
32290 381716 387527 0
-40966 -184531 382063 0
-1825 -181064 381730 0
212825 527469 377991 0
190612 528281 377803 0
161010 529362 377553 0
11881 -9111 370532 0
60468 -7108 370121 0
164932 104103 233579 0
113981 927 369663 0
158883 -596607 366454 0
43079 157103 359193 0
144307 176276 358321 0
170029 177816 358103 0
182688 180272 357994 0
221920 -441652 355919 0
135769 441955 81470 0
253460 -343069 90339 0
209231 -338945 89963 0
167259 -332471 89603 0
122799 -322561 89219 0
79390 -318319 88849 0
29769 -313643 88427 0
-56028 417914 83108 0
93144 435528 81835 0
217925 279295 91852 0
181093 442493 81088 0
226479 445593 80730 0
72522 14482 66637 0
202491 -516338 58749 0
191567 164736 56578 0
176005 167222 56445 0
150171 169682 56225 0
110446 174050 55886 0
21960 95393 104596 0
117709 472499 122409 0
-55421 494825 120929 0
173023 632501 111804 0
-68015 81546 105368 0
-45561 83442 105177 0
-26637 87107 105014 0
-14450 88451 104910 0
6728 92578 104727 0
53193 182381 55396 0
201662 110175 103091 0
181768 -501826 100805 0
153844 -498077 100567 0
86581 269273 92967 0
119341 270034 92691 0
153649 273990 92398 0
180700 275269 92169 0
200221 276757 92004 0
181490 -468434 12188 0
-51140 115642 16609 0
-48942 115685 16591 0
57503 133258 15677 0
91719 133948 15388 0
113851 137805 15198 0
149859 140045 14893 0
157790 141728 14824 0
166545 142653 14750 0
186077 -634338 23303 0
151717 -465105 11934 0
49830 294213 4670 0
87627 298219 4348 0
120221 302563 4069 0
170375 306190 3643 0
176352 307131 3592 0
208144 311816 3320 0
211954 -306840 1372 0
-75905 -220377 38975 0
98854 -362688 48557 0
166638 -356805 47981 0
228057 -348705 47456 0
212232 324728 45682 0
193031 327217 45517 0
121560 338472 44904 0
72395 341191 44490 0
35736 345965 44174 0
122891 471565 122454 0
-24050 -217847 38559 0
187376 495434 34391 0
103881 510310 33673 0
-54011 531570 32322 0
23186 -41765 27052 0
62504 -35448 26714 0
91932 -28815 26460 0
194875 83960 191734 0
150218 437384 211300 0
104969 438393 210918 0
-52982 464576 209562 0
156908 598965 200284 0
-86319 628509 198207 0
-45490 53528 193788 0
-31378 53787 193669 0
126510 68711 192325 0
207742 426424 211796 0
193718 -537363 189524 0
178970 -535186 189397 0
60287 232001 181808 0
97670 232457 181493 0
176131 240487 180825 0
162412 -365232 178177 0
104736 -357526 177684 0
86966 -353641 177530 0
44867 284465 221477 0
116667 108427 233168 0
91028 112807 232948 0
51480 118859 232609 0
150253 -423376 225350 0
184549 -414613 225036 0
187847 267154 222698 0
115404 273030 222082 0
71305 283631 221686 0
-12405 382838 171359 0
39718 285225 221433 0
32783 285342 221374 0
15384 -274757 215426 0
106602 -266299 214649 0
156198 -256435 214222 0
176700 -252145 214045 0
213883 425504 211848 0
90761 306468 133259 0
22122 154024 143744 0
-52509 161142 143109 0
78998 -402254 137346 0
100310 -400852 137166 0
172187 -383114 136536 0
176945 301639 133989 0
154308 303410 133797 0
144566 304660 133714 0
146886 135445 144814 0
65400 310901 133041 0
-89438 -252017 127703 0
-18187 -248590 127100 0
9713 -242471 126859 0
118174 -228257 125932 0
227946 456277 123354 0
181367 462101 122956 0
176316 463415 122912 0
-54544 548616 160637 0
88877 395243 170494 0
103991 398982 170363 0
152854 405914 169945 0
182044 408101 169697 0
217883 413772 169389 0
-30556 -170989 165447 0
-45131 -167684 165321 0
-66740 547904 160740 0
99590 -287544 406 0
200573 577316 158461 0
61753 -21308 155164 0
47929 -19967 155047 0
13245 -16237 154751 0
199224 -549211 147392 0
205718 -548114 147336 0
196299 134124 145231 0
